Start application...
Start application...
Start application...
Start Tcp Server on 8003
Bind address success
Listen success
Start application...
Start Tcp Server on 8003
Bind address success
Listen success
Start application...
Start Tcp Server on 8003
Bind address success
Listen success
Start application...
Start Tcp Server on 8003
Bind address success
Listen success
Hava client
Hava client
Hava client
Hava client
Hava client
Hava client
Start application...
Start Tcp Server on 8003
Start application...
Start Tcp Server on 8003
