Start application...
Start Tcp Server on 8003
Bind address success
Listen success
Start application...
Start Tcp Server on 8003
Bind address success
Listen success
Start application...
Start Tcp Server on 8003
Bind address success
Listen success
[22:58:30Info] Start application...
[22:58:30Info] Start Tcp Server on 8003
[22:58:30Info] Bind address success
[22:58:30Info] Listen success
[23:00:00 INFO ] Start application...
[23:00:00 INFO ] Start Tcp Server on 8003
[23:00:00 INFO ] Bind address success
[23:00:00 INFO ] Listen success
